<?xml version="1.0" encoding="UTF-8"?>
<!-- Generated by org.testng.reporters.JUnitReportReporter -->
<testsuite hostname="SKL-ANGEL-SHALI" failures="0" tests="2" name="ui.LoginTest" time="0.008" errors="0" timestamp="2023-04-10T23:19:56 CEST" skipped="0">
  <testcase classname="ui.LoginTest" name="logoutTest" time="0.007"/>
  <system-out/>
  <testcase classname="ui.LoginTest" name="loginTest" time="0.001"/>
  <system-out/>
</testsuite> <!-- ui.LoginTest -->
