<?xml version="1.0" encoding="UTF-8"?>
<!-- Generated by org.testng.reporters.JUnitReportReporter -->
<testsuite hostname="SKL-ANGEL-SHALI" failures="0" tests="4" name="ui.DataProviderDemoTest" time="0.021" errors="0" timestamp="2023-04-11T13:31:26 CEST" skipped="0">
  <testcase classname="ui.DataProviderDemoTest" name="test1" time="0.001"/>
  <system-out/>
  <testcase classname="ui.DataProviderDemoTest" name="test" time="0.016"/>
  <system-out/>
  <testcase classname="ui.DataProviderDemoTest" name="test1" time="0.002"/>
  <system-out/>
  <testcase classname="ui.DataProviderDemoTest" name="test" time="0.002"/>
  <system-out/>
</testsuite> <!-- ui.DataProviderDemoTest -->
