<?xml version="1.0" encoding="UTF-8"?>
<!-- Generated by org.testng.reporters.JUnitReportReporter -->
<testsuite hostname="SKL-ANGEL-SHALI" failures="0" tests="3" name="ui.GroupDemoTest" time="0.011" errors="0" timestamp="2023-04-18T09:56:58 CEST" skipped="1">
  <testcase classname="ui.GroupDemoTest" name="test3" time="0.010"/>
  <system-out/>
  <testcase classname="ui.GroupDemoTest" name="test1" time="0.001"/>
  <system-out/>
  <testcase classname="ui.GroupDemoTest" name="test2">
    <skipped/>
  </testcase> <!-- test2 -->
  <system-out/>
</testsuite> <!-- ui.GroupDemoTest -->
