<?xml version="1.0" encoding="UTF-8"?>
<!-- Generated by org.testng.reporters.JUnitReportReporter -->
<testsuite hostname="SKL-ANGEL-SHALI" failures="0" tests="1" name="ui.stepdef" time="5.978" errors="0" timestamp="2023-04-12T12:56:09 CEST" skipped="0">
  <testcase classname="ui.stepdef" name="logiin" time="5.978"/>
  <system-out/>
</testsuite> <!-- ui.stepdef -->
