<?xml version="1.0" encoding="UTF-8"?>
<!-- Generated by org.testng.reporters.JUnitReportReporter -->
<testsuite hostname="SKL-ANGEL-SHALI" failures="0" tests="1" name="ui.VerifyTitleandText" time="5.356" errors="0" timestamp="2023-04-10T23:19:56 CEST" skipped="0">
  <testcase classname="ui.VerifyTitleandText" name="verifyTitle" time="5.356"/>
  <system-out/>
</testsuite> <!-- ui.VerifyTitleandText -->
