<?xml version="1.0" encoding="UTF-8"?>
<!-- Generated by org.testng.reporters.JUnitReportReporter -->
<testsuite hostname="SKL-ANGEL-SHALI" failures="0" tests="3" name="ui.SkipDemoTest" time="0.009" errors="0" timestamp="2023-04-10T23:39:34 CEST" skipped="2">
  <testcase classname="ui.SkipDemoTest" name="skipTest2" time="0.008">
    <skipped/>
  </testcase> <!-- skipTest2 -->
  <system-out/>
  <testcase classname="ui.SkipDemoTest" name="skipTest3" time="0.001"/>
  <system-out/>
  <testcase classname="ui.SkipDemoTest" name="skipTest1">
    <skipped/>
  </testcase> <!-- skipTest1 -->
  <system-out/>
</testsuite> <!-- ui.SkipDemoTest -->
