<?xml version="1.0" encoding="UTF-8"?>
<!-- Generated by org.testng.reporters.JUnitReportReporter -->
<testsuite hostname="SKL-ANGEL-SHALI" failures="0" tests="2" name="ui.DataProviderDemoTest2" time="13.303" errors="0" timestamp="2023-04-11T13:18:13 CEST" skipped="0">
  <testcase classname="ui.DataProviderDemoTest2" name="test1" time="4.722"/>
  <system-out/>
  <testcase classname="ui.DataProviderDemoTest2" name="test1" time="8.581"/>
  <system-out/>
</testsuite> <!-- ui.DataProviderDemoTest2 -->
